2025-11-01T20:52:00.805-04:00  INFO 13783 --- [casesvc] [main] com.phep.casesvc.CasesvcApplication      : Starting CasesvcApplication using Java 17.0.6 with PID 13783 (/Users/rpodd/projects/casesvc/target/classes started by rpodd in /Users/rpodd/projects/casesvc)
2025-11-01T20:52:00.806-04:00 DEBUG 13783 --- [casesvc] [main] com.phep.casesvc.CasesvcApplication      : Running with Spring Boot v3.3.13, Spring v6.1.21
2025-11-01T20:52:00.807-04:00  INFO 13783 --- [casesvc] [main] com.phep.casesvc.CasesvcApplication      : No active profile set, falling back to 1 default profile: "default"
2025-11-01T20:52:01.622-04:00  INFO 13783 --- [casesvc] [main] .s.d.r.c.RepositoryConfigurationDelegate : Bootstrapping Spring Data JPA repositories in DEFAULT mode.
2025-11-01T20:52:01.668-04:00  INFO 13783 --- [casesvc] [main] .s.d.r.c.RepositoryConfigurationDelegate : Finished Spring Data repository scanning in 38 ms. Found 1 JPA repository interface.
2025-11-01T20:52:02.093-04:00  INFO 13783 --- [casesvc] [main] o.s.b.w.embedded.tomcat.TomcatWebServer  : Tomcat initialized with port 8081 (http)
2025-11-01T20:52:02.104-04:00  INFO 13783 --- [casesvc] [main] o.apache.catalina.core.StandardService   : Starting service [Tomcat]
2025-11-01T20:52:02.104-04:00  INFO 13783 --- [casesvc] [main] o.apache.catalina.core.StandardEngine    : Starting Servlet engine: [Apache Tomcat/10.1.42]
2025-11-01T20:52:02.148-04:00  INFO 13783 --- [casesvc] [main] o.a.c.c.C.[Tomcat].[localhost].[/]       : Initializing Spring embedded WebApplicationContext
2025-11-01T20:52:02.148-04:00  INFO 13783 --- [casesvc] [main] w.s.c.ServletWebServerApplicationContext : Root WebApplicationContext: initialization completed in 1309 ms
2025-11-01T20:52:02.419-04:00  INFO 13783 --- [casesvc] [main] com.zaxxer.hikari.HikariDataSource       : HikariPool-1 - Starting...
2025-11-01T20:52:02.544-04:00  INFO 13783 --- [casesvc] [main] com.zaxxer.hikari.pool.HikariPool        : HikariPool-1 - Added connection org.postgresql.jdbc.PgConnection@285bf5ac
2025-11-01T20:52:02.545-04:00  INFO 13783 --- [casesvc] [main] com.zaxxer.hikari.HikariDataSource       : HikariPool-1 - Start completed.
2025-11-01T20:52:02.567-04:00  INFO 13783 --- [casesvc] [main] org.flywaydb.core.FlywayExecutor         : Database: jdbc:postgresql://localhost:5433/phep (PostgreSQL 16.10)
2025-11-01T20:52:02.602-04:00  INFO 13783 --- [casesvc] [main] o.f.core.internal.command.DbValidate     : Successfully validated 1 migration (execution time 00:00.019s)
2025-11-01T20:52:02.633-04:00  INFO 13783 --- [casesvc] [main] o.f.core.internal.command.DbMigrate      : Current version of schema "public": 1
2025-11-01T20:52:02.635-04:00  INFO 13783 --- [casesvc] [main] o.f.core.internal.command.DbMigrate      : Schema "public" is up to date. No migration necessary.
2025-11-01T20:52:02.700-04:00  INFO 13783 --- [casesvc] [main] o.hibernate.jpa.internal.util.LogHelper  : HHH000204: Processing PersistenceUnitInfo [name: default]
2025-11-01T20:52:02.753-04:00  INFO 13783 --- [casesvc] [main] org.hibernate.Version                    : HHH000412: Hibernate ORM core version 6.5.3.Final
2025-11-01T20:52:02.784-04:00  INFO 13783 --- [casesvc] [main] o.h.c.internal.RegionFactoryInitiator    : HHH000026: Second-level cache disabled
2025-11-01T20:52:03.034-04:00  INFO 13783 --- [casesvc] [main] o.s.o.j.p.SpringPersistenceUnitInfo      : No LoadTimeWeaver setup: ignoring JPA class transformer
2025-11-01T20:52:03.782-04:00  INFO 13783 --- [casesvc] [main] o.h.e.t.j.p.i.JtaPlatformInitiator       : HHH000489: No JTA platform available (set 'hibernate.transaction.jta.platform' to enable JTA platform integration)
2025-11-01T20:52:03.810-04:00  INFO 13783 --- [casesvc] [main] j.LocalContainerEntityManagerFactoryBean : Initialized JPA EntityManagerFactory for persistence unit 'default'
2025-11-01T20:52:04.147-04:00  WARN 13783 --- [casesvc] [main] JpaBaseConfiguration$JpaWebConfiguration : spring.jpa.open-in-view is enabled by default. Therefore, database queries may be performed during view rendering. Explicitly configure spring.jpa.open-in-view to disable this warning
2025-11-01T20:52:04.621-04:00  INFO 13783 --- [casesvc] [main] o.s.b.a.e.web.EndpointLinksResolver      : Exposing 3 endpoints beneath base path '/actuator'
2025-11-01T20:52:04.687-04:00  INFO 13783 --- [casesvc] [main] o.s.b.w.embedded.tomcat.TomcatWebServer  : Tomcat started on port 8081 (http) with context path '/'
2025-11-01T20:52:04.704-04:00  INFO 13783 --- [casesvc] [main] com.phep.casesvc.CasesvcApplication      : Started CasesvcApplication in 4.252 seconds (process running for 4.724)
2025-11-01T20:52:05.230-04:00  INFO 13783 --- [casesvc] [RMI TCP Connection(2)-127.0.0.1] o.a.c.c.C.[Tomcat].[localhost].[/]       : Initializing Spring DispatcherServlet 'dispatcherServlet'
2025-11-01T20:52:05.230-04:00  INFO 13783 --- [casesvc] [RMI TCP Connection(2)-127.0.0.1] o.s.web.servlet.DispatcherServlet        : Initializing Servlet 'dispatcherServlet'
2025-11-01T20:52:05.232-04:00  INFO 13783 --- [casesvc] [RMI TCP Connection(2)-127.0.0.1] o.s.web.servlet.DispatcherServlet        : Completed initialization in 1 ms
